<?xml version="1.0" encoding="UTF-8"?>
<testng-results skipped="0" failed="0" ignored="0" total="1" passed="1">
  <reporter-output>
  </reporter-output>
  <suite name="Example test run" duration-ms="515" started-at="2018-04-20T01:02:09Z" finished-at="2018-04-20T01:02:10Z">
    <groups>
    </groups>
    <test name="Simple Test" duration-ms="515" started-at="2018-04-20T01:02:09Z" finished-at="2018-04-20T01:02:10Z">
      <class name="ExtentReportDemo.ExtentReportDemo.com.DemoExtReport">
        <test-method status="PASS" signature="startReport()[pri:0, instance:ExtentReportDemo.ExtentReportDemo.com.DemoExtReport@7f690630]" name="startReport" is-config="true" duration-ms="146" started-at="2018-04-20T06:32:09Z" finished-at="2018-04-20T06:32:09Z">
          <reporter-output>
          </reporter-output>
        </test-method> <!-- startReport -->
        <test-method status="PASS" signature="passTest()[pri:0, instance:ExtentReportDemo.ExtentReportDemo.com.DemoExtReport@7f690630]" name="passTest" duration-ms="5" started-at="2018-04-20T06:32:09Z" finished-at="2018-04-20T06:32:09Z">
          <reporter-output>
          </reporter-output>
        </test-method> <!-- passTest -->
        <test-method status="PASS" signature="getResult(org.testng.ITestResult)[pri:0, instance:ExtentReportDemo.ExtentReportDemo.com.DemoExtReport@7f690630]" name="getResult" is-config="true" duration-ms="3" started-at="2018-04-20T06:32:09Z" finished-at="2018-04-20T06:32:09Z">
          <params>
            <param index="0">
              <value>
                <![CDATA[[TestResult name=passTest status=SUCCESS method=DemoExtReport.passTest()[pri:0, instance:ExtentReportDemo.ExtentReportDemo.com.DemoExtReport@7f690630] output={null}]]]>
              </value>
            </param>
          </params>
          <reporter-output>
          </reporter-output>
        </test-method> <!-- getResult -->
        <test-method status="PASS" signature="endReport()[pri:0, instance:ExtentReportDemo.ExtentReportDemo.com.DemoExtReport@7f690630]" name="endReport" is-config="true" duration-ms="343" started-at="2018-04-20T06:32:09Z" finished-at="2018-04-20T06:32:10Z">
          <reporter-output>
          </reporter-output>
        </test-method> <!-- endReport -->
      </class> <!-- ExtentReportDemo.ExtentReportDemo.com.DemoExtReport -->
    </test> <!-- Simple Test -->
  </suite> <!-- Example test run -->
</testng-results>
